<?xml version="1.0" encoding="UTF-8"?>
<testsuites tests="3" failures="0" errors="0" skipped="0">
  <testsuite name="Login Form Tests" timestamp="2024-07-14T11:46:22" time="2.71" tests="3" failures="0" errors="0" skipped="0">
    <properties>
      <property name="specId" value="0"/>
      <property name="suiteName" value="Login Form Tests"/>
      <property name="capabilities" value="firefox.127_0_2.linux"/>
      <property name="file" value="file://./src/tests/login.test.js"/>
    </properties>
    <testcase classname="firefox.127_0_2.linux.Login_Form_Tests" name="UC emptyCredentials Test Login form emptyCredentials" time="1.684">
      <system-out><![CDATA[
COMMAND: POST /session/32120e42-a525-4e4a-9733-f080e9738226/url - {"url":"https://www.saucedemo.com/"}
RESULT: {"url":"https://www.saucedemo.com/"}
COMMAND: POST /session/32120e42-a525-4e4a-9733-f080e9738226/element - {"using":"xpath","value":"//input[@id=\"user-name\"]"}
RESULT: {"using":"xpath","value":"//input[@id=\"user-name\"]"}
COMMAND: POST /session/32120e42-a525-4e4a-9733-f080e9738226/element/464e961d-0157-46ae-a856-f2bdb528cc2e/clear - {}
RESULT: {}
COMMAND: POST /session/32120e42-a525-4e4a-9733-f080e9738226/element/464e961d-0157-46ae-a856-f2bdb528cc2e/value - {"text":""}
RESULT: {"text":""}
COMMAND: POST /session/32120e42-a525-4e4a-9733-f080e9738226/element - {"using":"xpath","value":"//input[@id=\"password\"]"}
RESULT: {"using":"xpath","value":"//input[@id=\"password\"]"}
COMMAND: POST /session/32120e42-a525-4e4a-9733-f080e9738226/element/d1a01849-e3b3-44cc-a510-29bb0ff96ad4/clear - {}
RESULT: {}
COMMAND: POST /session/32120e42-a525-4e4a-9733-f080e9738226/element/d1a01849-e3b3-44cc-a510-29bb0ff96ad4/value - {"text":""}
RESULT: {"text":""}
COMMAND: POST /session/32120e42-a525-4e4a-9733-f080e9738226/element - {"using":"xpath","value":"//input[@id=\"user-name\"]"}
RESULT: {"using":"xpath","value":"//input[@id=\"user-name\"]"}
COMMAND: POST /session/32120e42-a525-4e4a-9733-f080e9738226/element/464e961d-0157-46ae-a856-f2bdb528cc2e/clear - {}
RESULT: {}
COMMAND: POST /session/32120e42-a525-4e4a-9733-f080e9738226/element - {"using":"xpath","value":"//input[@id=\"password\"]"}
RESULT: {"using":"xpath","value":"//input[@id=\"password\"]"}
COMMAND: POST /session/32120e42-a525-4e4a-9733-f080e9738226/element/d1a01849-e3b3-44cc-a510-29bb0ff96ad4/clear - {}
RESULT: {}
COMMAND: POST /session/32120e42-a525-4e4a-9733-f080e9738226/element - {"using":"xpath","value":"//input[@id=\"login-button\"]"}
RESULT: {"using":"xpath","value":"//input[@id=\"login-button\"]"}
COMMAND: POST /session/32120e42-a525-4e4a-9733-f080e9738226/element/963ad54b-84a0-434f-a73c-cde01babd15e/click - {}
RESULT: {}
]]></system-out>
    </testcase>
    <testcase classname="firefox.127_0_2.linux.Login_Form_Tests" name="UC usernameOnly Test Login form usernameOnly" time="0.46">
      <system-out><![CDATA[
COMMAND: POST /session/32120e42-a525-4e4a-9733-f080e9738226/url - {"url":"https://www.saucedemo.com/"}
RESULT: {"url":"https://www.saucedemo.com/"}
COMMAND: POST /session/32120e42-a525-4e4a-9733-f080e9738226/element - {"using":"xpath","value":"//input[@id=\"user-name\"]"}
RESULT: {"using":"xpath","value":"//input[@id=\"user-name\"]"}
COMMAND: POST /session/32120e42-a525-4e4a-9733-f080e9738226/element/16101ad9-4331-4077-9176-10a10905bd13/clear - {}
RESULT: {}
COMMAND: POST /session/32120e42-a525-4e4a-9733-f080e9738226/element/16101ad9-4331-4077-9176-10a10905bd13/value - {"text":"standard_user"}
RESULT: {"text":"standard_user"}
COMMAND: POST /session/32120e42-a525-4e4a-9733-f080e9738226/element - {"using":"xpath","value":"//input[@id=\"password\"]"}
RESULT: {"using":"xpath","value":"//input[@id=\"password\"]"}
COMMAND: POST /session/32120e42-a525-4e4a-9733-f080e9738226/element/a4e44a85-868b-4f2b-8408-24b19c8b1153/clear - {}
RESULT: {}
COMMAND: POST /session/32120e42-a525-4e4a-9733-f080e9738226/element/a4e44a85-868b-4f2b-8408-24b19c8b1153/value - {"text":""}
RESULT: {"text":""}
COMMAND: POST /session/32120e42-a525-4e4a-9733-f080e9738226/element - {"using":"xpath","value":"//input[@id=\"password\"]"}
RESULT: {"using":"xpath","value":"//input[@id=\"password\"]"}
COMMAND: POST /session/32120e42-a525-4e4a-9733-f080e9738226/element/a4e44a85-868b-4f2b-8408-24b19c8b1153/clear - {}
RESULT: {}
COMMAND: POST /session/32120e42-a525-4e4a-9733-f080e9738226/element - {"using":"xpath","value":"//input[@id=\"login-button\"]"}
RESULT: {"using":"xpath","value":"//input[@id=\"login-button\"]"}
COMMAND: POST /session/32120e42-a525-4e4a-9733-f080e9738226/element/db5a4676-2ed6-41d8-842a-dc5be00d56ff/click - {}
RESULT: {}
]]></system-out>
    </testcase>
    <testcase classname="firefox.127_0_2.linux.Login_Form_Tests" name="UC validCredentials Test Login form validCredentials" time="0.565">
      <system-out><![CDATA[
COMMAND: POST /session/32120e42-a525-4e4a-9733-f080e9738226/url - {"url":"https://www.saucedemo.com/"}
RESULT: {"url":"https://www.saucedemo.com/"}
COMMAND: POST /session/32120e42-a525-4e4a-9733-f080e9738226/element - {"using":"xpath","value":"//input[@id=\"user-name\"]"}
RESULT: {"using":"xpath","value":"//input[@id=\"user-name\"]"}
COMMAND: POST /session/32120e42-a525-4e4a-9733-f080e9738226/element/b3ef3f5f-46bd-4b25-b90e-18e131809784/clear - {}
RESULT: {}
COMMAND: POST /session/32120e42-a525-4e4a-9733-f080e9738226/element/b3ef3f5f-46bd-4b25-b90e-18e131809784/value - {"text":"standard_user"}
RESULT: {"text":"standard_user"}
COMMAND: POST /session/32120e42-a525-4e4a-9733-f080e9738226/element - {"using":"xpath","value":"//input[@id=\"password\"]"}
RESULT: {"using":"xpath","value":"//input[@id=\"password\"]"}
COMMAND: POST /session/32120e42-a525-4e4a-9733-f080e9738226/element/1d46ea96-e989-43e1-aa28-dacfaa2efcb7/clear - {}
RESULT: {}
COMMAND: POST /session/32120e42-a525-4e4a-9733-f080e9738226/element/1d46ea96-e989-43e1-aa28-dacfaa2efcb7/value - {"text":"secret_sauce"}
RESULT: {"text":"secret_sauce"}
COMMAND: POST /session/32120e42-a525-4e4a-9733-f080e9738226/element - {"using":"xpath","value":"//input[@id=\"login-button\"]"}
RESULT: {"using":"xpath","value":"//input[@id=\"login-button\"]"}
COMMAND: POST /session/32120e42-a525-4e4a-9733-f080e9738226/element/46d04905-4892-4baf-8e31-f3f7826e14d9/click - {}
RESULT: {}
COMMAND: GET /session/32120e42-a525-4e4a-9733-f080e9738226/title - {}
RESULT: {}
COMMAND: DELETE /session/32120e42-a525-4e4a-9733-f080e9738226 - {}
RESULT: {}
]]></system-out>
    </testcase>
  </testsuite>
</testsuites>