<?xml version="1.0" encoding="UTF-8"?>
<testsuites tests="3" failures="0" errors="0" skipped="0">
  <testsuite name="Login Form Tests" timestamp="2024-07-14T11:46:21" time="2.159" tests="3" failures="0" errors="0" skipped="0">
    <properties>
      <property name="specId" value="0"/>
      <property name="suiteName" value="Login Form Tests"/>
      <property name="capabilities" value="chrome.126_0_6478_126.linux"/>
      <property name="file" value="file://./src/tests/login.test.js"/>
    </properties>
    <testcase classname="chrome.126_0_6478_126.linux.Login_Form_Tests" name="UC emptyCredentials Test Login form emptyCredentials" time="1.359">
      <system-out><![CDATA[
COMMAND: POST /session/78f9b8ac82523633cba8bfa75b5108e7/url - {"url":"https://www.saucedemo.com/"}
RESULT: {"url":"https://www.saucedemo.com/"}
COMMAND: POST /session/78f9b8ac82523633cba8bfa75b5108e7/element - {"using":"xpath","value":"//input[@id=\"user-name\"]"}
RESULT: {"using":"xpath","value":"//input[@id=\"user-name\"]"}
COMMAND: POST /session/78f9b8ac82523633cba8bfa75b5108e7/element/f.906345956329D33DC320039A074DC3E3.d.3E8DC2476D95F8A86926550003F0AD2E.e.3/clear - {}
RESULT: {}
COMMAND: POST /session/78f9b8ac82523633cba8bfa75b5108e7/element/f.906345956329D33DC320039A074DC3E3.d.3E8DC2476D95F8A86926550003F0AD2E.e.3/value - {"text":""}
RESULT: {"text":""}
COMMAND: POST /session/78f9b8ac82523633cba8bfa75b5108e7/element - {"using":"xpath","value":"//input[@id=\"password\"]"}
RESULT: {"using":"xpath","value":"//input[@id=\"password\"]"}
COMMAND: POST /session/78f9b8ac82523633cba8bfa75b5108e7/element/f.906345956329D33DC320039A074DC3E3.d.3E8DC2476D95F8A86926550003F0AD2E.e.4/clear - {}
RESULT: {}
COMMAND: POST /session/78f9b8ac82523633cba8bfa75b5108e7/element/f.906345956329D33DC320039A074DC3E3.d.3E8DC2476D95F8A86926550003F0AD2E.e.4/value - {"text":""}
RESULT: {"text":""}
COMMAND: POST /session/78f9b8ac82523633cba8bfa75b5108e7/element - {"using":"xpath","value":"//input[@id=\"user-name\"]"}
RESULT: {"using":"xpath","value":"//input[@id=\"user-name\"]"}
COMMAND: POST /session/78f9b8ac82523633cba8bfa75b5108e7/element/f.906345956329D33DC320039A074DC3E3.d.3E8DC2476D95F8A86926550003F0AD2E.e.3/clear - {}
RESULT: {}
COMMAND: POST /session/78f9b8ac82523633cba8bfa75b5108e7/element - {"using":"xpath","value":"//input[@id=\"password\"]"}
RESULT: {"using":"xpath","value":"//input[@id=\"password\"]"}
COMMAND: POST /session/78f9b8ac82523633cba8bfa75b5108e7/element/f.906345956329D33DC320039A074DC3E3.d.3E8DC2476D95F8A86926550003F0AD2E.e.4/clear - {}
RESULT: {}
COMMAND: POST /session/78f9b8ac82523633cba8bfa75b5108e7/element - {"using":"xpath","value":"//input[@id=\"login-button\"]"}
RESULT: {"using":"xpath","value":"//input[@id=\"login-button\"]"}
COMMAND: POST /session/78f9b8ac82523633cba8bfa75b5108e7/element/f.906345956329D33DC320039A074DC3E3.d.3E8DC2476D95F8A86926550003F0AD2E.e.5/click - {}
RESULT: {}
]]></system-out>
    </testcase>
    <testcase classname="chrome.126_0_6478_126.linux.Login_Form_Tests" name="UC usernameOnly Test Login form usernameOnly" time="0.359">
      <system-out><![CDATA[
COMMAND: POST /session/78f9b8ac82523633cba8bfa75b5108e7/url - {"url":"https://www.saucedemo.com/"}
RESULT: {"url":"https://www.saucedemo.com/"}
COMMAND: POST /session/78f9b8ac82523633cba8bfa75b5108e7/element - {"using":"xpath","value":"//input[@id=\"user-name\"]"}
RESULT: {"using":"xpath","value":"//input[@id=\"user-name\"]"}
COMMAND: POST /session/78f9b8ac82523633cba8bfa75b5108e7/element/f.906345956329D33DC320039A074DC3E3.d.89A3652ACDF4918BD2013607130C038F.e.15/clear - {}
RESULT: {}
COMMAND: POST /session/78f9b8ac82523633cba8bfa75b5108e7/element/f.906345956329D33DC320039A074DC3E3.d.89A3652ACDF4918BD2013607130C038F.e.15/value - {"text":"standard_user"}
RESULT: {"text":"standard_user"}
COMMAND: POST /session/78f9b8ac82523633cba8bfa75b5108e7/element - {"using":"xpath","value":"//input[@id=\"password\"]"}
RESULT: {"using":"xpath","value":"//input[@id=\"password\"]"}
COMMAND: POST /session/78f9b8ac82523633cba8bfa75b5108e7/element/f.906345956329D33DC320039A074DC3E3.d.89A3652ACDF4918BD2013607130C038F.e.16/clear - {}
RESULT: {}
COMMAND: POST /session/78f9b8ac82523633cba8bfa75b5108e7/element/f.906345956329D33DC320039A074DC3E3.d.89A3652ACDF4918BD2013607130C038F.e.16/value - {"text":""}
RESULT: {"text":""}
COMMAND: POST /session/78f9b8ac82523633cba8bfa75b5108e7/element - {"using":"xpath","value":"//input[@id=\"password\"]"}
RESULT: {"using":"xpath","value":"//input[@id=\"password\"]"}
COMMAND: POST /session/78f9b8ac82523633cba8bfa75b5108e7/element/f.906345956329D33DC320039A074DC3E3.d.89A3652ACDF4918BD2013607130C038F.e.16/clear - {}
RESULT: {}
COMMAND: POST /session/78f9b8ac82523633cba8bfa75b5108e7/element - {"using":"xpath","value":"//input[@id=\"login-button\"]"}
RESULT: {"using":"xpath","value":"//input[@id=\"login-button\"]"}
COMMAND: POST /session/78f9b8ac82523633cba8bfa75b5108e7/element/f.906345956329D33DC320039A074DC3E3.d.89A3652ACDF4918BD2013607130C038F.e.17/click - {}
RESULT: {}
]]></system-out>
    </testcase>
    <testcase classname="chrome.126_0_6478_126.linux.Login_Form_Tests" name="UC validCredentials Test Login form validCredentials" time="0.439">
      <system-out><![CDATA[
COMMAND: POST /session/78f9b8ac82523633cba8bfa75b5108e7/url - {"url":"https://www.saucedemo.com/"}
RESULT: {"url":"https://www.saucedemo.com/"}
COMMAND: POST /session/78f9b8ac82523633cba8bfa75b5108e7/element - {"using":"xpath","value":"//input[@id=\"user-name\"]"}
RESULT: {"using":"xpath","value":"//input[@id=\"user-name\"]"}
COMMAND: POST /session/78f9b8ac82523633cba8bfa75b5108e7/element/f.906345956329D33DC320039A074DC3E3.d.ED5C03034EF630D9F6A10046E00807FA.e.26/clear - {}
RESULT: {}
COMMAND: POST /session/78f9b8ac82523633cba8bfa75b5108e7/element/f.906345956329D33DC320039A074DC3E3.d.ED5C03034EF630D9F6A10046E00807FA.e.26/value - {"text":"standard_user"}
RESULT: {"text":"standard_user"}
COMMAND: POST /session/78f9b8ac82523633cba8bfa75b5108e7/element - {"using":"xpath","value":"//input[@id=\"password\"]"}
RESULT: {"using":"xpath","value":"//input[@id=\"password\"]"}
COMMAND: POST /session/78f9b8ac82523633cba8bfa75b5108e7/element/f.906345956329D33DC320039A074DC3E3.d.ED5C03034EF630D9F6A10046E00807FA.e.27/clear - {}
RESULT: {}
COMMAND: POST /session/78f9b8ac82523633cba8bfa75b5108e7/element/f.906345956329D33DC320039A074DC3E3.d.ED5C03034EF630D9F6A10046E00807FA.e.27/value - {"text":"secret_sauce"}
RESULT: {"text":"secret_sauce"}
COMMAND: POST /session/78f9b8ac82523633cba8bfa75b5108e7/element - {"using":"xpath","value":"//input[@id=\"login-button\"]"}
RESULT: {"using":"xpath","value":"//input[@id=\"login-button\"]"}
COMMAND: POST /session/78f9b8ac82523633cba8bfa75b5108e7/element/f.906345956329D33DC320039A074DC3E3.d.ED5C03034EF630D9F6A10046E00807FA.e.28/click - {}
RESULT: {}
COMMAND: GET /session/78f9b8ac82523633cba8bfa75b5108e7/title - {}
RESULT: {}
COMMAND: DELETE /session/78f9b8ac82523633cba8bfa75b5108e7 - {}
RESULT: {}
]]></system-out>
    </testcase>
  </testsuite>
</testsuites>