<?xml version="1.0" encoding="UTF-8"?>
<testsuites tests="3" failures="0" errors="0" skipped="0">
  <testsuite name="Login Form Tests" timestamp="2024-07-21T17:44:30" time="2.363" tests="3" failures="0" errors="0" skipped="0">
    <properties>
      <property name="specId" value="0"/>
      <property name="suiteName" value="Login Form Tests"/>
      <property name="capabilities" value="firefox.127_0_2.linux"/>
      <property name="file" value="file://./src/tests/login.test.js"/>
    </properties>
    <testcase classname="firefox.127_0_2.linux.Login_Form_Tests" name="UC emptyCredentials Test Login form emptyCredentials" time="1.547">
      <system-out><![CDATA[
COMMAND: POST /session/bdd0ce8c-6bb1-4325-9dd1-987fb03f1548/url - {"url":"https://www.saucedemo.com/"}
RESULT: {"url":"https://www.saucedemo.com/"}
COMMAND: POST /session/bdd0ce8c-6bb1-4325-9dd1-987fb03f1548/element - {"using":"xpath","value":"//input[@id=\"user-name\"]"}
RESULT: {"using":"xpath","value":"//input[@id=\"user-name\"]"}
COMMAND: POST /session/bdd0ce8c-6bb1-4325-9dd1-987fb03f1548/element/9b776384-7268-40eb-8bea-2ab35659dee1/clear - {}
RESULT: {}
COMMAND: POST /session/bdd0ce8c-6bb1-4325-9dd1-987fb03f1548/element/9b776384-7268-40eb-8bea-2ab35659dee1/value - {"text":"name1"}
RESULT: {"text":"name1"}
COMMAND: POST /session/bdd0ce8c-6bb1-4325-9dd1-987fb03f1548/element - {"using":"xpath","value":"//input[@id=\"password\"]"}
RESULT: {"using":"xpath","value":"//input[@id=\"password\"]"}
COMMAND: POST /session/bdd0ce8c-6bb1-4325-9dd1-987fb03f1548/element/596eb997-2d2c-408d-9020-f1b77420f418/clear - {}
RESULT: {}
COMMAND: POST /session/bdd0ce8c-6bb1-4325-9dd1-987fb03f1548/element/596eb997-2d2c-408d-9020-f1b77420f418/value - {"text":"pass1"}
RESULT: {"text":"pass1"}
COMMAND: POST /session/bdd0ce8c-6bb1-4325-9dd1-987fb03f1548/element - {"using":"xpath","value":"//input[@id=\"user-name\"]"}
RESULT: {"using":"xpath","value":"//input[@id=\"user-name\"]"}
COMMAND: GET /session/bdd0ce8c-6bb1-4325-9dd1-987fb03f1548/element/9b776384-7268-40eb-8bea-2ab35659dee1/property/value - {}
RESULT: {}
COMMAND: POST /session/bdd0ce8c-6bb1-4325-9dd1-987fb03f1548/element - {"using":"xpath","value":"//input[@id=\"password\"]"}
RESULT: {"using":"xpath","value":"//input[@id=\"password\"]"}
COMMAND: GET /session/bdd0ce8c-6bb1-4325-9dd1-987fb03f1548/element/596eb997-2d2c-408d-9020-f1b77420f418/property/value - {}
RESULT: {}
COMMAND: POST /session/bdd0ce8c-6bb1-4325-9dd1-987fb03f1548/element - {"using":"xpath","value":"//input[@id=\"user-name\"]"}
RESULT: {"using":"xpath","value":"//input[@id=\"user-name\"]"}
COMMAND: POST /session/bdd0ce8c-6bb1-4325-9dd1-987fb03f1548/element/9b776384-7268-40eb-8bea-2ab35659dee1/clear - {}
RESULT: {}
COMMAND: POST /session/bdd0ce8c-6bb1-4325-9dd1-987fb03f1548/element - {"using":"xpath","value":"//input[@id=\"password\"]"}
RESULT: {"using":"xpath","value":"//input[@id=\"password\"]"}
COMMAND: POST /session/bdd0ce8c-6bb1-4325-9dd1-987fb03f1548/element/596eb997-2d2c-408d-9020-f1b77420f418/clear - {}
RESULT: {}
COMMAND: POST /session/bdd0ce8c-6bb1-4325-9dd1-987fb03f1548/element - {"using":"xpath","value":"//input[@id=\"login-button\"]"}
RESULT: {"using":"xpath","value":"//input[@id=\"login-button\"]"}
COMMAND: POST /session/bdd0ce8c-6bb1-4325-9dd1-987fb03f1548/element/03b8068f-fb3b-48b3-b1ff-65164158249c/click - {}
RESULT: {}
]]></system-out>
    </testcase>
    <testcase classname="firefox.127_0_2.linux.Login_Form_Tests" name="UC usernameOnly Test Login form usernameOnly" time="0.409">
      <system-out><![CDATA[
COMMAND: POST /session/bdd0ce8c-6bb1-4325-9dd1-987fb03f1548/url - {"url":"https://www.saucedemo.com/"}
RESULT: {"url":"https://www.saucedemo.com/"}
COMMAND: POST /session/bdd0ce8c-6bb1-4325-9dd1-987fb03f1548/element - {"using":"xpath","value":"//input[@id=\"user-name\"]"}
RESULT: {"using":"xpath","value":"//input[@id=\"user-name\"]"}
COMMAND: POST /session/bdd0ce8c-6bb1-4325-9dd1-987fb03f1548/element/3b586ee5-3d04-4a97-8cf0-7874f0084529/clear - {}
RESULT: {}
COMMAND: POST /session/bdd0ce8c-6bb1-4325-9dd1-987fb03f1548/element/3b586ee5-3d04-4a97-8cf0-7874f0084529/value - {"text":"name2"}
RESULT: {"text":"name2"}
COMMAND: POST /session/bdd0ce8c-6bb1-4325-9dd1-987fb03f1548/element - {"using":"xpath","value":"//input[@id=\"password\"]"}
RESULT: {"using":"xpath","value":"//input[@id=\"password\"]"}
COMMAND: POST /session/bdd0ce8c-6bb1-4325-9dd1-987fb03f1548/element/183a1673-8593-4e54-b87d-d2031758e710/clear - {}
RESULT: {}
COMMAND: POST /session/bdd0ce8c-6bb1-4325-9dd1-987fb03f1548/element/183a1673-8593-4e54-b87d-d2031758e710/value - {"text":"pass2"}
RESULT: {"text":"pass2"}
COMMAND: POST /session/bdd0ce8c-6bb1-4325-9dd1-987fb03f1548/element - {"using":"xpath","value":"//input[@id=\"user-name\"]"}
RESULT: {"using":"xpath","value":"//input[@id=\"user-name\"]"}
COMMAND: GET /session/bdd0ce8c-6bb1-4325-9dd1-987fb03f1548/element/3b586ee5-3d04-4a97-8cf0-7874f0084529/property/value - {}
RESULT: {}
COMMAND: POST /session/bdd0ce8c-6bb1-4325-9dd1-987fb03f1548/element - {"using":"xpath","value":"//input[@id=\"password\"]"}
RESULT: {"using":"xpath","value":"//input[@id=\"password\"]"}
COMMAND: GET /session/bdd0ce8c-6bb1-4325-9dd1-987fb03f1548/element/183a1673-8593-4e54-b87d-d2031758e710/property/value - {}
RESULT: {}
COMMAND: POST /session/bdd0ce8c-6bb1-4325-9dd1-987fb03f1548/element - {"using":"xpath","value":"//input[@id=\"password\"]"}
RESULT: {"using":"xpath","value":"//input[@id=\"password\"]"}
COMMAND: POST /session/bdd0ce8c-6bb1-4325-9dd1-987fb03f1548/element/183a1673-8593-4e54-b87d-d2031758e710/clear - {}
RESULT: {}
COMMAND: POST /session/bdd0ce8c-6bb1-4325-9dd1-987fb03f1548/element - {"using":"xpath","value":"//input[@id=\"login-button\"]"}
RESULT: {"using":"xpath","value":"//input[@id=\"login-button\"]"}
COMMAND: POST /session/bdd0ce8c-6bb1-4325-9dd1-987fb03f1548/element/6febe97b-f3d6-4436-b35b-c36af5e23ef7/click - {}
RESULT: {}
]]></system-out>
    </testcase>
    <testcase classname="firefox.127_0_2.linux.Login_Form_Tests" name="UC validCredentials Test Login form validCredentials" time="0.405">
      <system-out><![CDATA[
COMMAND: POST /session/bdd0ce8c-6bb1-4325-9dd1-987fb03f1548/url - {"url":"https://www.saucedemo.com/"}
RESULT: {"url":"https://www.saucedemo.com/"}
COMMAND: POST /session/bdd0ce8c-6bb1-4325-9dd1-987fb03f1548/element - {"using":"xpath","value":"//input[@id=\"user-name\"]"}
RESULT: {"using":"xpath","value":"//input[@id=\"user-name\"]"}
COMMAND: POST /session/bdd0ce8c-6bb1-4325-9dd1-987fb03f1548/element/6555de47-797a-4048-9710-4f41d12e3011/clear - {}
RESULT: {}
COMMAND: POST /session/bdd0ce8c-6bb1-4325-9dd1-987fb03f1548/element/6555de47-797a-4048-9710-4f41d12e3011/value - {"text":"standard_user"}
RESULT: {"text":"standard_user"}
COMMAND: POST /session/bdd0ce8c-6bb1-4325-9dd1-987fb03f1548/element - {"using":"xpath","value":"//input[@id=\"password\"]"}
RESULT: {"using":"xpath","value":"//input[@id=\"password\"]"}
COMMAND: POST /session/bdd0ce8c-6bb1-4325-9dd1-987fb03f1548/element/030a16a0-a62b-47d3-82c9-b2d72a900dce/clear - {}
RESULT: {}
COMMAND: POST /session/bdd0ce8c-6bb1-4325-9dd1-987fb03f1548/element/030a16a0-a62b-47d3-82c9-b2d72a900dce/value - {"text":"secret_sauce"}
RESULT: {"text":"secret_sauce"}
COMMAND: POST /session/bdd0ce8c-6bb1-4325-9dd1-987fb03f1548/element - {"using":"xpath","value":"//input[@id=\"user-name\"]"}
RESULT: {"using":"xpath","value":"//input[@id=\"user-name\"]"}
COMMAND: GET /session/bdd0ce8c-6bb1-4325-9dd1-987fb03f1548/element/6555de47-797a-4048-9710-4f41d12e3011/property/value - {}
RESULT: {}
COMMAND: POST /session/bdd0ce8c-6bb1-4325-9dd1-987fb03f1548/element - {"using":"xpath","value":"//input[@id=\"password\"]"}
RESULT: {"using":"xpath","value":"//input[@id=\"password\"]"}
COMMAND: GET /session/bdd0ce8c-6bb1-4325-9dd1-987fb03f1548/element/030a16a0-a62b-47d3-82c9-b2d72a900dce/property/value - {}
RESULT: {}
COMMAND: POST /session/bdd0ce8c-6bb1-4325-9dd1-987fb03f1548/element - {"using":"xpath","value":"//input[@id=\"login-button\"]"}
RESULT: {"using":"xpath","value":"//input[@id=\"login-button\"]"}
COMMAND: POST /session/bdd0ce8c-6bb1-4325-9dd1-987fb03f1548/element/82cf677a-e996-4770-abca-eafcf32955f2/click - {}
RESULT: {}
COMMAND: GET /session/bdd0ce8c-6bb1-4325-9dd1-987fb03f1548/title - {}
RESULT: {}
COMMAND: DELETE /session/bdd0ce8c-6bb1-4325-9dd1-987fb03f1548 - {}
RESULT: {}
]]></system-out>
    </testcase>
  </testsuite>
</testsuites>