<?xml version="1.0" encoding="UTF-8"?>
<testsuites tests="3" failures="0" errors="0" skipped="0">
  <testsuite name="Login Form Tests" timestamp="2024-07-21T17:44:29" time="1.997" tests="3" failures="0" errors="0" skipped="0">
    <properties>
      <property name="specId" value="0"/>
      <property name="suiteName" value="Login Form Tests"/>
      <property name="capabilities" value="chrome.126_0_6478_126.linux"/>
      <property name="file" value="file://./src/tests/login.test.js"/>
    </properties>
    <testcase classname="chrome.126_0_6478_126.linux.Login_Form_Tests" name="UC emptyCredentials Test Login form emptyCredentials" time="1.199">
      <system-out><![CDATA[
COMMAND: POST /session/ef2eb812c9ff01b47a89fac0058811f8/url - {"url":"https://www.saucedemo.com/"}
RESULT: {"url":"https://www.saucedemo.com/"}
COMMAND: POST /session/ef2eb812c9ff01b47a89fac0058811f8/element - {"using":"xpath","value":"//input[@id=\"user-name\"]"}
RESULT: {"using":"xpath","value":"//input[@id=\"user-name\"]"}
COMMAND: POST /session/ef2eb812c9ff01b47a89fac0058811f8/element/f.0D828B5F4894081A4FE9DC6EF3BF4F7A.d.C2DBB39F3E26068B96AEA62F4F849295.e.3/clear - {}
RESULT: {}
COMMAND: POST /session/ef2eb812c9ff01b47a89fac0058811f8/element/f.0D828B5F4894081A4FE9DC6EF3BF4F7A.d.C2DBB39F3E26068B96AEA62F4F849295.e.3/value - {"text":"name1"}
RESULT: {"text":"name1"}
COMMAND: POST /session/ef2eb812c9ff01b47a89fac0058811f8/element - {"using":"xpath","value":"//input[@id=\"password\"]"}
RESULT: {"using":"xpath","value":"//input[@id=\"password\"]"}
COMMAND: POST /session/ef2eb812c9ff01b47a89fac0058811f8/element/f.0D828B5F4894081A4FE9DC6EF3BF4F7A.d.C2DBB39F3E26068B96AEA62F4F849295.e.4/clear - {}
RESULT: {}
COMMAND: POST /session/ef2eb812c9ff01b47a89fac0058811f8/element/f.0D828B5F4894081A4FE9DC6EF3BF4F7A.d.C2DBB39F3E26068B96AEA62F4F849295.e.4/value - {"text":"pass1"}
RESULT: {"text":"pass1"}
COMMAND: POST /session/ef2eb812c9ff01b47a89fac0058811f8/element - {"using":"xpath","value":"//input[@id=\"user-name\"]"}
RESULT: {"using":"xpath","value":"//input[@id=\"user-name\"]"}
COMMAND: GET /session/ef2eb812c9ff01b47a89fac0058811f8/element/f.0D828B5F4894081A4FE9DC6EF3BF4F7A.d.C2DBB39F3E26068B96AEA62F4F849295.e.3/property/value - {}
RESULT: {}
COMMAND: POST /session/ef2eb812c9ff01b47a89fac0058811f8/element - {"using":"xpath","value":"//input[@id=\"password\"]"}
RESULT: {"using":"xpath","value":"//input[@id=\"password\"]"}
COMMAND: GET /session/ef2eb812c9ff01b47a89fac0058811f8/element/f.0D828B5F4894081A4FE9DC6EF3BF4F7A.d.C2DBB39F3E26068B96AEA62F4F849295.e.4/property/value - {}
RESULT: {}
COMMAND: POST /session/ef2eb812c9ff01b47a89fac0058811f8/element - {"using":"xpath","value":"//input[@id=\"user-name\"]"}
RESULT: {"using":"xpath","value":"//input[@id=\"user-name\"]"}
COMMAND: POST /session/ef2eb812c9ff01b47a89fac0058811f8/element/f.0D828B5F4894081A4FE9DC6EF3BF4F7A.d.C2DBB39F3E26068B96AEA62F4F849295.e.3/clear - {}
RESULT: {}
COMMAND: POST /session/ef2eb812c9ff01b47a89fac0058811f8/element - {"using":"xpath","value":"//input[@id=\"password\"]"}
RESULT: {"using":"xpath","value":"//input[@id=\"password\"]"}
COMMAND: POST /session/ef2eb812c9ff01b47a89fac0058811f8/element/f.0D828B5F4894081A4FE9DC6EF3BF4F7A.d.C2DBB39F3E26068B96AEA62F4F849295.e.4/clear - {}
RESULT: {}
COMMAND: POST /session/ef2eb812c9ff01b47a89fac0058811f8/element - {"using":"xpath","value":"//input[@id=\"login-button\"]"}
RESULT: {"using":"xpath","value":"//input[@id=\"login-button\"]"}
COMMAND: POST /session/ef2eb812c9ff01b47a89fac0058811f8/element/f.0D828B5F4894081A4FE9DC6EF3BF4F7A.d.C2DBB39F3E26068B96AEA62F4F849295.e.5/click - {}
RESULT: {}
]]></system-out>
    </testcase>
    <testcase classname="chrome.126_0_6478_126.linux.Login_Form_Tests" name="UC usernameOnly Test Login form usernameOnly" time="0.393">
      <system-out><![CDATA[
COMMAND: POST /session/ef2eb812c9ff01b47a89fac0058811f8/url - {"url":"https://www.saucedemo.com/"}
RESULT: {"url":"https://www.saucedemo.com/"}
COMMAND: POST /session/ef2eb812c9ff01b47a89fac0058811f8/element - {"using":"xpath","value":"//input[@id=\"user-name\"]"}
RESULT: {"using":"xpath","value":"//input[@id=\"user-name\"]"}
COMMAND: POST /session/ef2eb812c9ff01b47a89fac0058811f8/element/f.0D828B5F4894081A4FE9DC6EF3BF4F7A.d.1079A27470543254645627529ADEF3A9.e.15/clear - {}
RESULT: {}
COMMAND: POST /session/ef2eb812c9ff01b47a89fac0058811f8/element/f.0D828B5F4894081A4FE9DC6EF3BF4F7A.d.1079A27470543254645627529ADEF3A9.e.15/value - {"text":"name2"}
RESULT: {"text":"name2"}
COMMAND: POST /session/ef2eb812c9ff01b47a89fac0058811f8/element - {"using":"xpath","value":"//input[@id=\"password\"]"}
RESULT: {"using":"xpath","value":"//input[@id=\"password\"]"}
COMMAND: POST /session/ef2eb812c9ff01b47a89fac0058811f8/element/f.0D828B5F4894081A4FE9DC6EF3BF4F7A.d.1079A27470543254645627529ADEF3A9.e.16/clear - {}
RESULT: {}
COMMAND: POST /session/ef2eb812c9ff01b47a89fac0058811f8/element/f.0D828B5F4894081A4FE9DC6EF3BF4F7A.d.1079A27470543254645627529ADEF3A9.e.16/value - {"text":"pass2"}
RESULT: {"text":"pass2"}
COMMAND: POST /session/ef2eb812c9ff01b47a89fac0058811f8/element - {"using":"xpath","value":"//input[@id=\"user-name\"]"}
RESULT: {"using":"xpath","value":"//input[@id=\"user-name\"]"}
COMMAND: GET /session/ef2eb812c9ff01b47a89fac0058811f8/element/f.0D828B5F4894081A4FE9DC6EF3BF4F7A.d.1079A27470543254645627529ADEF3A9.e.15/property/value - {}
RESULT: {}
COMMAND: POST /session/ef2eb812c9ff01b47a89fac0058811f8/element - {"using":"xpath","value":"//input[@id=\"password\"]"}
RESULT: {"using":"xpath","value":"//input[@id=\"password\"]"}
COMMAND: GET /session/ef2eb812c9ff01b47a89fac0058811f8/element/f.0D828B5F4894081A4FE9DC6EF3BF4F7A.d.1079A27470543254645627529ADEF3A9.e.16/property/value - {}
RESULT: {}
COMMAND: POST /session/ef2eb812c9ff01b47a89fac0058811f8/element - {"using":"xpath","value":"//input[@id=\"password\"]"}
RESULT: {"using":"xpath","value":"//input[@id=\"password\"]"}
COMMAND: POST /session/ef2eb812c9ff01b47a89fac0058811f8/element/f.0D828B5F4894081A4FE9DC6EF3BF4F7A.d.1079A27470543254645627529ADEF3A9.e.16/clear - {}
RESULT: {}
COMMAND: POST /session/ef2eb812c9ff01b47a89fac0058811f8/element - {"using":"xpath","value":"//input[@id=\"login-button\"]"}
RESULT: {"using":"xpath","value":"//input[@id=\"login-button\"]"}
COMMAND: POST /session/ef2eb812c9ff01b47a89fac0058811f8/element/f.0D828B5F4894081A4FE9DC6EF3BF4F7A.d.1079A27470543254645627529ADEF3A9.e.17/click - {}
RESULT: {}
]]></system-out>
    </testcase>
    <testcase classname="chrome.126_0_6478_126.linux.Login_Form_Tests" name="UC validCredentials Test Login form validCredentials" time="0.404">
      <system-out><![CDATA[
COMMAND: POST /session/ef2eb812c9ff01b47a89fac0058811f8/url - {"url":"https://www.saucedemo.com/"}
RESULT: {"url":"https://www.saucedemo.com/"}
COMMAND: POST /session/ef2eb812c9ff01b47a89fac0058811f8/element - {"using":"xpath","value":"//input[@id=\"user-name\"]"}
RESULT: {"using":"xpath","value":"//input[@id=\"user-name\"]"}
COMMAND: POST /session/ef2eb812c9ff01b47a89fac0058811f8/element/f.0D828B5F4894081A4FE9DC6EF3BF4F7A.d.0C0AD68D66B4C828958BAD79871C0478.e.28/clear - {}
RESULT: {}
COMMAND: POST /session/ef2eb812c9ff01b47a89fac0058811f8/element/f.0D828B5F4894081A4FE9DC6EF3BF4F7A.d.0C0AD68D66B4C828958BAD79871C0478.e.28/value - {"text":"standard_user"}
RESULT: {"text":"standard_user"}
COMMAND: POST /session/ef2eb812c9ff01b47a89fac0058811f8/element - {"using":"xpath","value":"//input[@id=\"password\"]"}
RESULT: {"using":"xpath","value":"//input[@id=\"password\"]"}
COMMAND: POST /session/ef2eb812c9ff01b47a89fac0058811f8/element/f.0D828B5F4894081A4FE9DC6EF3BF4F7A.d.0C0AD68D66B4C828958BAD79871C0478.e.29/clear - {}
RESULT: {}
COMMAND: POST /session/ef2eb812c9ff01b47a89fac0058811f8/element/f.0D828B5F4894081A4FE9DC6EF3BF4F7A.d.0C0AD68D66B4C828958BAD79871C0478.e.29/value - {"text":"secret_sauce"}
RESULT: {"text":"secret_sauce"}
COMMAND: POST /session/ef2eb812c9ff01b47a89fac0058811f8/element - {"using":"xpath","value":"//input[@id=\"user-name\"]"}
RESULT: {"using":"xpath","value":"//input[@id=\"user-name\"]"}
COMMAND: GET /session/ef2eb812c9ff01b47a89fac0058811f8/element/f.0D828B5F4894081A4FE9DC6EF3BF4F7A.d.0C0AD68D66B4C828958BAD79871C0478.e.28/property/value - {}
RESULT: {}
COMMAND: POST /session/ef2eb812c9ff01b47a89fac0058811f8/element - {"using":"xpath","value":"//input[@id=\"password\"]"}
RESULT: {"using":"xpath","value":"//input[@id=\"password\"]"}
COMMAND: GET /session/ef2eb812c9ff01b47a89fac0058811f8/element/f.0D828B5F4894081A4FE9DC6EF3BF4F7A.d.0C0AD68D66B4C828958BAD79871C0478.e.29/property/value - {}
RESULT: {}
COMMAND: POST /session/ef2eb812c9ff01b47a89fac0058811f8/element - {"using":"xpath","value":"//input[@id=\"login-button\"]"}
RESULT: {"using":"xpath","value":"//input[@id=\"login-button\"]"}
COMMAND: POST /session/ef2eb812c9ff01b47a89fac0058811f8/element/f.0D828B5F4894081A4FE9DC6EF3BF4F7A.d.0C0AD68D66B4C828958BAD79871C0478.e.30/click - {}
RESULT: {}
COMMAND: GET /session/ef2eb812c9ff01b47a89fac0058811f8/title - {}
RESULT: {}
COMMAND: DELETE /session/ef2eb812c9ff01b47a89fac0058811f8 - {}
RESULT: {}
]]></system-out>
    </testcase>
  </testsuite>
</testsuites>